<?xml version="1.0" encoding="UTF-8"?>
<!-- Generated by org.testng.reporters.JUnitReportReporter -->
<testsuite skipped="0" hostname="Khanjadas-MBP.nyc.rr.com" name="stepDef.CucumberRunner" tests="6" failures="0" timestamp="04 Dec 2020 01:12:55 GMT" time="0.295" errors="0">
  <testcase name="runScenario" time="0.169" classname="stepDef.CucumberRunner"/>
  <testcase name="runScenario" time="0.023" classname="stepDef.CucumberRunner"/>
  <testcase name="runScenario" time="0.039" classname="stepDef.CucumberRunner"/>
  <testcase name="runScenario" time="0.017" classname="stepDef.CucumberRunner"/>
  <testcase name="runScenario" time="0.023" classname="stepDef.CucumberRunner"/>
  <testcase name="runScenario" time="0.024" classname="stepDef.CucumberRunner"/>
</testsuite> <!-- stepDef.CucumberRunner -->
