<?xml version="1.0" encoding="UTF-8"?>
<!-- Generated by org.testng.reporters.JUnitReportReporter -->
<testsuite skipped="0" hostname="Khanjadas-MBP.nyc.rr.com" name="testRun.PracticeTest" tests="2" failures="0" timestamp="05 Dec 2020 20:07:59 GMT" time="17.963" errors="0">
  <testcase name="ourFirstTest" time="17.962" classname="testRun.PracticeTest"/>
  <testcase name="test2" time="0.001" classname="testRun.PracticeTest"/>
</testsuite> <!-- testRun.PracticeTest -->
